13:11:43  INFO      ============================================================
13:11:43  INFO      IES extraction  |  cod_inst=71
13:11:43  INFO      Datasets: ['matricula_escolar', 'matricula_ed_superior', 'nem_jovenes', 'nem_adultos', 'asistencia_anual', 'alumnos_sep', 'egresados_em', 'paes', 'titulados_es']
13:11:43  INFO      Output: Datos por IES/71
13:11:43  INFO      ============================================================
13:11:43  INFO      
Step 1: Collecting students from Matricula Ed Superior…
13:11:43  INFO      Scanning 19 Matricula Ed Superior files for cod_inst=71…
13:11:43  INFO        2007: 18,461 enrollment records, 18,381 unique MRUNs
13:11:44  INFO        2008: 19,869 enrollment records, 19,754 unique MRUNs
13:11:44  INFO        2009: 20,851 enrollment records, 20,751 unique MRUNs
13:11:45  INFO        2010: 21,046 enrollment records, 20,940 unique MRUNs
13:11:46  INFO        2011: 22,208 enrollment records, 22,106 unique MRUNs
13:11:47  INFO        2012: 21,748 enrollment records, 21,630 unique MRUNs
13:11:48  INFO        2013: 23,227 enrollment records, 23,083 unique MRUNs
13:11:48  INFO        2014: 23,895 enrollment records, 23,687 unique MRUNs
13:11:49  INFO        2015: 24,118 enrollment records, 23,912 unique MRUNs
13:11:50  INFO        2016: 23,905 enrollment records, 23,764 unique MRUNs
13:11:51  INFO        2017: 23,689 enrollment records, 23,614 unique MRUNs
13:11:52  INFO        2018: 24,157 enrollment records, 24,048 unique MRUNs
13:11:53  INFO        2019: 24,265 enrollment records, 24,049 unique MRUNs
13:11:54  INFO        2020: 22,706 enrollment records, 22,649 unique MRUNs
13:11:55  INFO        2021: 26,177 enrollment records, 26,057 unique MRUNs
13:11:56  INFO        2022: 26,464 enrollment records, 26,362 unique MRUNs
13:11:56  INFO        2023: 25,602 enrollment records, 25,505 unique MRUNs
13:11:57  INFO        2024: 24,784 enrollment records, 24,699 unique MRUNs
13:11:58  INFO        2025: 25,100 enrollment records, 24,970 unique MRUNs
13:11:58  INFO      Total unique students: 120,411
13:11:58  INFO      Institution: UNIVERSIDAD DE SANTIAGO DE CHILE
13:11:58  INFO      Student list saved → Estudiantes_71.parquet (120,411 MRUNs)
13:11:58  INFO      
Step 2: matricula_escolar…
13:12:05  INFO        2004: 57,163 records
13:12:13  INFO        2005: 57,752 records
13:12:19  INFO        2006: 58,250 records
13:12:27  INFO        2007: 58,223 records
13:12:34  INFO        2008: 58,295 records
13:12:40  INFO        2009: 58,270 records
13:12:46  INFO        2010: 56,982 records
13:12:52  INFO        2011: 54,596 records
13:12:57  INFO        2012: 51,034 records
13:13:03  INFO        2013: 47,178 records
13:13:09  INFO        2014: 42,845 records
13:13:16  INFO        2015: 38,688 records
13:13:22  INFO        2016: 34,735 records
13:13:28  INFO        2017: 30,962 records
13:13:34  INFO        2018: 27,125 records
13:13:40  INFO        2019: 23,158 records
13:13:46  INFO        2020: 19,128 records
13:13:52  INFO        2021: 14,830 records
13:13:59  INFO        2022: 10,590 records
13:14:05  INFO        2023: 6,471 records
13:14:11  INFO        2024: 2,829 records
13:14:18  INFO        2025: 8 records
13:14:26  INFO        → Saved Matricula_Escolar_71.parquet  (809,112 rows, 9.33 MB)
13:14:27  INFO      
Step 3: matricula_ed_superior…
13:14:29  INFO        2007: 27,879 records
13:14:32  INFO        2008: 30,957 records
13:14:35  INFO        2009: 32,044 records
13:14:38  INFO        2010: 33,689 records
13:14:41  INFO        2011: 35,788 records
13:14:45  INFO        2012: 36,437 records
13:14:50  INFO        2013: 40,120 records
13:14:54  INFO        2014: 39,463 records
13:14:59  INFO        2015: 39,551 records
13:15:03  INFO        2016: 39,809 records
13:15:08  INFO        2017: 39,522 records
13:15:13  INFO        2018: 39,343 records
13:15:17  INFO        2019: 38,757 records
13:15:22  INFO        2020: 36,145 records
13:15:26  INFO        2021: 40,203 records
13:15:31  INFO        2022: 40,110 records
13:15:36  INFO        2023: 39,259 records
13:15:41  INFO        2024: 39,671 records
13:15:46  INFO        2025: 41,267 records
13:15:57  INFO        → Saved Matricula_Ed_Superior_71.parquet  (710,014 rows, 26.13 MB)
13:15:57  INFO      
Step 4: nem_jovenes…
13:15:59  INFO        2016_1990: 51,772 records
13:16:00  INFO        2017: 3,942 records
13:16:00  INFO        2018: 4,115 records
13:16:00  INFO        2019: 4,098 records
13:16:00  INFO        2020: 4,387 records
13:16:01  INFO        2021: 4,279 records
13:16:01  INFO        2022: 4,173 records
13:16:01  INFO        2023: 3,664 records
13:16:01  INFO        → Saved NEM_y_Percentil_Jovenes_71.parquet  (80,430 rows, 1.02 MB)
13:16:02  INFO      
Step 5: nem_adultos…
13:16:02  INFO        2016_1990: 1,358 records
13:16:02  INFO        2017: 108 records
13:16:02  INFO        2018: 98 records
13:16:03  INFO        2019: 83 records
13:16:03  INFO        2020: 64 records
13:16:03  INFO        2021: 52 records
13:16:03  INFO        2022: 52 records
13:16:03  INFO        2023: 41 records
13:16:03  INFO        → Saved NEM_y_Percentil_Adultos_71.parquet  (1,856 rows, 0.03 MB)
13:16:03  INFO      
Step 6: asistencia_anual…
13:16:11  INFO        2018: 24,309 records
13:16:23  INFO        2019: 20,804 records
13:16:32  INFO        2022: 9,599 records
13:16:42  INFO        2023: 5,879 records
13:16:52  INFO        2024: 2,606 records
13:16:53  INFO        → Saved Asistencia_Anual_71.parquet  (63,197 rows, 2.30 MB)
13:16:53  INFO      
Step 7: alumnos_sep…
13:16:54  INFO        2008: 2,239 records
13:16:55  INFO        2009: 7,438 records
13:16:56  INFO        2010: 8,208 records
13:16:57  INFO        2011: 9,698 records
13:17:00  INFO        2012: 15,799 records
13:17:03  INFO        2013: 19,338 records
13:17:06  INFO        2014: 18,037 records
13:17:10  INFO        2015: 16,274 records
13:17:15  INFO        2016: 23,004 records
13:17:20  INFO        2017: 18,481 records
13:17:26  INFO        2018: 17,922 records
13:17:31  INFO        2019: 17,385 records
13:17:37  INFO        2020: 15,229 records
13:17:42  INFO        2021: 12,484 records
13:17:47  INFO        2022: 10,423 records
13:17:52  INFO        2023: 7,481 records
13:17:58  INFO        2024: 4,577 records
13:18:04  INFO        2025: 2,216 records
13:18:06  INFO        → Saved Alumnos_SEP_71.parquet  (226,233 rows, 4.36 MB)
13:18:06  INFO      
Step 8: egresados_em…
13:18:07  INFO        2002: 14,229 records
13:18:09  INFO        2003: 16,001 records
13:18:10  INFO        2004: 17,527 records
13:18:11  INFO        2005: 18,259 records
13:18:13  INFO        2006: 18,486 records
13:18:14  INFO        2007: 18,455 records
13:18:15  INFO        2008: 18,211 records
13:18:16  INFO        2009: 17,996 records
13:18:18  INFO        2010: 17,838 records
13:18:19  INFO        2011: 16,458 records
13:18:20  INFO        2012: 16,870 records
13:18:21  INFO        2013: 16,562 records
13:18:22  INFO        2014: 16,135 records
13:18:24  INFO        2015: 16,035 records
13:18:25  INFO        2016: 16,106 records
13:18:26  INFO        2017: 16,567 records
13:18:27  INFO        2018: 16,911 records
13:18:29  INFO        2019: 16,919 records
13:18:30  INFO        2020: 16,428 records
13:18:31  INFO        2021: 14,870 records
13:18:33  INFO        2022: 10,685 records
13:18:33  INFO        2023: 3,776 records
13:18:34  INFO        2024: 2,874 records
13:18:35  INFO        → Saved Egresados_EM_71.parquet  (354,198 rows, 4.49 MB)
13:18:35  INFO      
Step 9: paes…
13:18:36  INFO        2021: 7,154 records → puntajes_admision_2021.parquet (0.41 MB)
13:18:37  INFO        2022: 7,220 records → puntajes_admision_2022.parquet (0.41 MB)
13:18:38  INFO        2023: 7,470 records → puntajes_admision_2023.parquet (0.53 MB)
13:18:39  INFO        2024: 7,120 records → puntajes_admision_2024.parquet (0.54 MB)
13:18:40  INFO        2025: 6,481 records → puntajes_admision_2025.parquet (0.54 MB)
13:18:40  INFO        → 5 year file(s), 35,445 total rows
13:18:40  INFO      
Step 10: titulados_es…
13:18:41  INFO        2015: 6,248 records
13:18:42  INFO        2016: 5,832 records
13:18:42  INFO        2017: 6,437 records
13:18:43  INFO        2018: 6,812 records
13:18:43  INFO        2019: 6,683 records
13:18:44  INFO        2020: 5,781 records
13:18:45  INFO        2021: 7,696 records
13:18:45  INFO        2022: 8,960 records
13:18:46  INFO        2023: 9,102 records
13:18:47  INFO        → Saved Titulados_ES_71.parquet  (63,551 rows, 2.35 MB)
13:18:47  INFO      
============================================================
13:18:47  INFO      DONE  |  cod_inst=71  (UNIVERSIDAD DE SANTIAGO DE CHILE)  |  424.2s
13:18:47  INFO      Students tracked: 120,411
13:18:47  INFO        matricula_escolar              809,112 records
13:18:47  INFO        matricula_ed_superior          710,014 records
13:18:47  INFO        nem_jovenes                    80,430 records
13:18:47  INFO        nem_adultos                    1,856 records
13:18:47  INFO        asistencia_anual               63,197 records
13:18:47  INFO        alumnos_sep                    226,233 records
13:18:47  INFO        egresados_em                   354,198 records
13:18:47  INFO        paes                           35,445 records → 5 year file(s)
13:18:47  INFO        titulados_es                   63,551 records
13:18:47  INFO      Output: Datos por IES/71
13:18:47  INFO      ============================================================
