16:14:30  INFO      ============================================================
16:14:30  INFO      IES extraction  |  cod_inst=70
16:14:30  INFO      Datasets: ['titulados_es']
16:14:30  INFO      Output: Datos por IES/70
16:14:30  INFO      ============================================================
16:14:30  INFO      
Step 1: Collecting students from Matricula Ed Superior…
16:14:30  INFO      Scanning 19 Matricula Ed Superior files for cod_inst=70…
16:14:31  INFO        2007: 29,356 enrollment records, 29,180 unique MRUNs
16:14:31  INFO        2008: 30,321 enrollment records, 29,880 unique MRUNs
16:14:32  INFO        2009: 30,997 enrollment records, 30,802 unique MRUNs
16:14:32  INFO        2010: 33,477 enrollment records, 33,202 unique MRUNs
16:14:33  INFO        2011: 32,924 enrollment records, 32,688 unique MRUNs
16:14:34  INFO        2012: 35,702 enrollment records, 35,129 unique MRUNs
16:14:35  INFO        2013: 37,173 enrollment records, 36,465 unique MRUNs
16:14:36  INFO        2014: 37,521 enrollment records, 37,067 unique MRUNs
16:14:37  INFO        2015: 38,417 enrollment records, 37,864 unique MRUNs
16:14:38  INFO        2016: 38,874 enrollment records, 38,452 unique MRUNs
16:14:39  INFO        2017: 39,246 enrollment records, 38,880 unique MRUNs
16:14:40  INFO        2018: 39,493 enrollment records, 39,004 unique MRUNs
16:14:41  INFO        2019: 40,582 enrollment records, 40,059 unique MRUNs
16:14:41  INFO        2020: 39,501 enrollment records, 39,064 unique MRUNs
16:14:42  INFO        2021: 43,336 enrollment records, 42,618 unique MRUNs
16:14:43  INFO        2022: 42,904 enrollment records, 42,245 unique MRUNs
16:14:44  INFO        2023: 45,248 enrollment records, 44,320 unique MRUNs
16:14:45  INFO        2024: 45,324 enrollment records, 44,487 unique MRUNs
16:14:46  INFO        2025: 54,198 enrollment records, 52,621 unique MRUNs
16:14:46  INFO      Total unique students: 173,252
16:14:46  INFO      Institution: UNIVERSIDAD DE CHILE
16:14:47  INFO      Student list saved → Estudiantes_70.parquet (173,252 MRUNs)
16:14:47  INFO      
Step 2: titulados_es…
16:14:47  INFO        2015: 8,785 records
16:14:48  INFO        2016: 9,080 records
16:14:49  INFO        2017: 10,114 records
16:14:49  INFO        2018: 10,250 records
16:14:50  INFO        2019: 10,652 records
16:14:51  INFO        2020: 8,378 records
16:14:52  INFO        2021: 11,679 records
16:14:53  INFO        2022: 12,866 records
16:14:54  INFO        2023: 14,003 records
16:14:55  INFO        → Saved Titulados_ES_70.parquet  (95,807 rows, 3.31 MB)
16:14:55  INFO      
============================================================
16:14:55  INFO      DONE  |  cod_inst=70  (UNIVERSIDAD DE CHILE)  |  24.5s
16:14:55  INFO      Students tracked: 173,252
16:14:55  INFO        titulados_es                   95,807 records
16:14:55  INFO      Output: Datos por IES/70
16:14:55  INFO      ============================================================
